[1014/171535:WARNING:resource_bundle.cc(304)] locale_file_path.empty()
[1014/171535:ERROR:main_delegate.cc(564)] Could not load locale pak for en-US
[1014/171535:ERROR:main_delegate.cc(571)] Could not load cef.pak
[1014/171535:ERROR:main_delegate.cc(588)] Could not load cef_100_percent.pak
[1014/171535:WARNING:resource_bundle.cc(497)] locale resources are not loaded
[1014/171536:WARNING:resource_bundle.cc(304)] locale_file_path.empty()
[1014/171536:ERROR:main_delegate.cc(564)] Could not load locale pak for en-US
[1014/171536:ERROR:main_delegate.cc(571)] Could not load cef.pak
[1014/171536:ERROR:main_delegate.cc(588)] Could not load cef_100_percent.pak
[1014/171542:WARNING:resource_bundle.cc(304)] locale_file_path.empty()
[1014/171542:ERROR:main_delegate.cc(564)] Could not load locale pak for en-US
[1014/171542:ERROR:main_delegate.cc(571)] Could not load cef.pak
[1014/171542:ERROR:main_delegate.cc(588)] Could not load cef_100_percent.pak
[1014/171542:ERROR:renderer_main.cc(207)] Running without renderer sandbox
[1014/171550:WARNING:resource_bundle.cc(304)] locale_file_path.empty()
[1014/171550:ERROR:main_delegate.cc(564)] Could not load locale pak for en-US
[1014/171550:ERROR:main_delegate.cc(571)] Could not load cef.pak
[1014/171550:ERROR:main_delegate.cc(588)] Could not load cef_100_percent.pak
[1014/171551:WARNING:resource_bundle.cc(497)] locale resources are not loaded
[1014/171551:WARNING:resource_bundle.cc(304)] locale_file_path.empty()
[1014/171551:ERROR:main_delegate.cc(564)] Could not load locale pak for en-US
[1014/171551:ERROR:main_delegate.cc(571)] Could not load cef.pak
[1014/171551:ERROR:main_delegate.cc(588)] Could not load cef_100_percent.pak
[1014/171600:WARNING:resource_bundle.cc(304)] locale_file_path.empty()
[1014/171600:ERROR:main_delegate.cc(564)] Could not load locale pak for en-US
[1014/171600:ERROR:main_delegate.cc(571)] Could not load cef.pak
[1014/171600:ERROR:main_delegate.cc(588)] Could not load cef_100_percent.pak
[1014/171600:ERROR:renderer_main.cc(207)] Running without renderer sandbox
[1014/171626:WARNING:resource_bundle.cc(304)] locale_file_path.empty()
[1014/171626:ERROR:main_delegate.cc(564)] Could not load locale pak for en-US
[1014/171626:ERROR:main_delegate.cc(571)] Could not load cef.pak
[1014/171626:ERROR:main_delegate.cc(588)] Could not load cef_100_percent.pak
[1014/171627:WARNING:resource_bundle.cc(497)] locale resources are not loaded
[1014/171627:WARNING:resource_bundle.cc(304)] locale_file_path.empty()
[1014/171627:ERROR:main_delegate.cc(564)] Could not load locale pak for en-US
[1014/171627:ERROR:main_delegate.cc(571)] Could not load cef.pak
[1014/171627:ERROR:main_delegate.cc(588)] Could not load cef_100_percent.pak
[1014/171631:WARNING:resource_bundle.cc(304)] locale_file_path.empty()
[1014/171631:ERROR:main_delegate.cc(564)] Could not load locale pak for en-US
[1014/171631:ERROR:main_delegate.cc(571)] Could not load cef.pak
[1014/171631:ERROR:main_delegate.cc(588)] Could not load cef_100_percent.pak
[1014/171631:ERROR:renderer_main.cc(207)] Running without renderer sandbox
[1014/171636:WARNING:resource_bundle.cc(304)] locale_file_path.empty()
[1014/171636:ERROR:main_delegate.cc(564)] Could not load locale pak for en-US
[1014/171636:ERROR:main_delegate.cc(571)] Could not load cef.pak
[1014/171636:ERROR:main_delegate.cc(588)] Could not load cef_100_percent.pak
[1014/171636:WARNING:resource_bundle.cc(497)] locale resources are not loaded
[1014/171636:WARNING:resource_bundle.cc(304)] locale_file_path.empty()
[1014/171636:ERROR:main_delegate.cc(564)] Could not load locale pak for en-US
[1014/171636:ERROR:main_delegate.cc(571)] Could not load cef.pak
[1014/171636:ERROR:main_delegate.cc(588)] Could not load cef_100_percent.pak
[1014/171641:WARNING:resource_bundle.cc(304)] locale_file_path.empty()
[1014/171641:ERROR:main_delegate.cc(564)] Could not load locale pak for en-US
[1014/171641:ERROR:main_delegate.cc(571)] Could not load cef.pak
[1014/171641:ERROR:main_delegate.cc(588)] Could not load cef_100_percent.pak
[1014/171641:ERROR:renderer_main.cc(207)] Running without renderer sandbox
[1014/171752:WARNING:resource_bundle.cc(304)] locale_file_path.empty()
[1014/171752:ERROR:main_delegate.cc(564)] Could not load locale pak for en-US
[1014/171752:ERROR:main_delegate.cc(571)] Could not load cef.pak
[1014/171752:ERROR:main_delegate.cc(588)] Could not load cef_100_percent.pak
[1014/171752:WARNING:resource_bundle.cc(497)] locale resources are not loaded
[1014/171752:WARNING:resource_bundle.cc(304)] locale_file_path.empty()
[1014/171752:ERROR:main_delegate.cc(564)] Could not load locale pak for en-US
[1014/171752:ERROR:main_delegate.cc(571)] Could not load cef.pak
[1014/171752:ERROR:main_delegate.cc(588)] Could not load cef_100_percent.pak
[1014/171759:WARNING:resource_bundle.cc(304)] locale_file_path.empty()
[1014/171759:ERROR:main_delegate.cc(564)] Could not load locale pak for en-US
[1014/171759:ERROR:main_delegate.cc(571)] Could not load cef.pak
[1014/171759:ERROR:main_delegate.cc(588)] Could not load cef_100_percent.pak
[1014/171759:ERROR:renderer_main.cc(207)] Running without renderer sandbox
[1014/171900:WARNING:resource_bundle.cc(304)] locale_file_path.empty()
[1014/171900:ERROR:main_delegate.cc(564)] Could not load locale pak for en-US
[1014/171900:ERROR:main_delegate.cc(571)] Could not load cef.pak
[1014/171900:ERROR:main_delegate.cc(588)] Could not load cef_100_percent.pak
[1014/171900:WARNING:resource_bundle.cc(497)] locale resources are not loaded
[1014/171900:WARNING:resource_bundle.cc(304)] locale_file_path.empty()
[1014/171900:ERROR:main_delegate.cc(564)] Could not load locale pak for en-US
[1014/171900:ERROR:main_delegate.cc(571)] Could not load cef.pak
[1014/171900:ERROR:main_delegate.cc(588)] Could not load cef_100_percent.pak
[1014/171907:WARNING:resource_bundle.cc(304)] locale_file_path.empty()
[1014/171907:ERROR:main_delegate.cc(564)] Could not load locale pak for en-US
[1014/171907:ERROR:main_delegate.cc(571)] Could not load cef.pak
[1014/171907:ERROR:main_delegate.cc(588)] Could not load cef_100_percent.pak
[1014/171907:ERROR:renderer_main.cc(207)] Running without renderer sandbox
[1014/173817:WARNING:resource_bundle.cc(304)] locale_file_path.empty()
[1014/173817:ERROR:main_delegate.cc(564)] Could not load locale pak for en-US
[1014/173817:ERROR:main_delegate.cc(571)] Could not load cef.pak
[1014/173817:ERROR:main_delegate.cc(588)] Could not load cef_100_percent.pak
[1014/173817:WARNING:resource_bundle.cc(497)] locale resources are not loaded
[1014/173817:WARNING:resource_bundle.cc(304)] locale_file_path.empty()
[1014/173817:ERROR:main_delegate.cc(564)] Could not load locale pak for en-US
[1014/173817:ERROR:main_delegate.cc(571)] Could not load cef.pak
[1014/173817:ERROR:main_delegate.cc(588)] Could not load cef_100_percent.pak
[1014/173823:WARNING:resource_bundle.cc(304)] locale_file_path.empty()
[1014/173823:ERROR:main_delegate.cc(564)] Could not load locale pak for en-US
[1014/173823:ERROR:main_delegate.cc(571)] Could not load cef.pak
[1014/173823:ERROR:main_delegate.cc(588)] Could not load cef_100_percent.pak
[1014/173823:ERROR:renderer_main.cc(207)] Running without renderer sandbox
[1014/173828:WARNING:resource_bundle.cc(304)] locale_file_path.empty()
[1014/173828:ERROR:main_delegate.cc(564)] Could not load locale pak for en-US
[1014/173828:ERROR:main_delegate.cc(571)] Could not load cef.pak
[1014/173828:ERROR:main_delegate.cc(588)] Could not load cef_100_percent.pak
[1014/173828:WARNING:resource_bundle.cc(497)] locale resources are not loaded
[1014/173828:WARNING:resource_bundle.cc(304)] locale_file_path.empty()
[1014/173828:ERROR:main_delegate.cc(564)] Could not load locale pak for en-US
[1014/173828:ERROR:main_delegate.cc(571)] Could not load cef.pak
[1014/173828:ERROR:main_delegate.cc(588)] Could not load cef_100_percent.pak
[1014/173832:WARNING:resource_bundle.cc(304)] locale_file_path.empty()
[1014/173832:ERROR:main_delegate.cc(564)] Could not load locale pak for en-US
[1014/173832:ERROR:main_delegate.cc(571)] Could not load cef.pak
[1014/173832:ERROR:main_delegate.cc(588)] Could not load cef_100_percent.pak
[1014/173832:ERROR:renderer_main.cc(207)] Running without renderer sandbox
[1014/173840:WARNING:resource_bundle.cc(304)] locale_file_path.empty()
[1014/173840:ERROR:main_delegate.cc(564)] Could not load locale pak for en-US
[1014/173840:ERROR:main_delegate.cc(571)] Could not load cef.pak
[1014/173840:ERROR:main_delegate.cc(588)] Could not load cef_100_percent.pak
[1014/173841:WARNING:resource_bundle.cc(497)] locale resources are not loaded
[1014/173841:WARNING:resource_bundle.cc(304)] locale_file_path.empty()
[1014/173841:ERROR:main_delegate.cc(564)] Could not load locale pak for en-US
[1014/173841:ERROR:main_delegate.cc(571)] Could not load cef.pak
[1014/173841:ERROR:main_delegate.cc(588)] Could not load cef_100_percent.pak
[1014/173848:WARNING:resource_bundle.cc(304)] locale_file_path.empty()
[1014/173848:ERROR:main_delegate.cc(564)] Could not load locale pak for en-US
[1014/173848:ERROR:main_delegate.cc(571)] Could not load cef.pak
[1014/173848:ERROR:main_delegate.cc(588)] Could not load cef_100_percent.pak
[1014/173848:ERROR:renderer_main.cc(207)] Running without renderer sandbox
[1014/192853:ERROR:gpu_process_transport_factory.cc(437)] Failed to establish GPU channel.
[1014/194220:WARNING:resource_bundle.cc(304)] locale_file_path.empty()
[1014/194220:ERROR:main_delegate.cc(564)] Could not load locale pak for en-US
[1014/194220:ERROR:main_delegate.cc(571)] Could not load cef.pak
[1014/194220:ERROR:main_delegate.cc(588)] Could not load cef_100_percent.pak
[1014/194220:WARNING:resource_bundle.cc(497)] locale resources are not loaded
[1014/194220:WARNING:resource_bundle.cc(304)] locale_file_path.empty()
[1014/194220:ERROR:main_delegate.cc(564)] Could not load locale pak for en-US
[1014/194220:ERROR:main_delegate.cc(571)] Could not load cef.pak
[1014/194220:ERROR:main_delegate.cc(588)] Could not load cef_100_percent.pak
[1014/194225:WARNING:resource_bundle.cc(304)] locale_file_path.empty()
[1014/194225:ERROR:main_delegate.cc(564)] Could not load locale pak for en-US
[1014/194225:ERROR:main_delegate.cc(571)] Could not load cef.pak
[1014/194225:ERROR:main_delegate.cc(588)] Could not load cef_100_percent.pak
[1014/194225:ERROR:renderer_main.cc(207)] Running without renderer sandbox
[1014/194358:WARNING:resource_bundle.cc(304)] locale_file_path.empty()
[1014/194358:ERROR:main_delegate.cc(564)] Could not load locale pak for en-US
[1014/194358:ERROR:main_delegate.cc(571)] Could not load cef.pak
[1014/194358:ERROR:main_delegate.cc(588)] Could not load cef_100_percent.pak
[1014/194358:WARNING:resource_bundle.cc(497)] locale resources are not loaded
[1014/194358:WARNING:resource_bundle.cc(304)] locale_file_path.empty()
[1014/194358:ERROR:main_delegate.cc(564)] Could not load locale pak for en-US
[1014/194358:ERROR:main_delegate.cc(571)] Could not load cef.pak
[1014/194358:ERROR:main_delegate.cc(588)] Could not load cef_100_percent.pak
[1014/194358:WARNING:resource_bundle.cc(497)] locale resources are not loaded
[1014/194359:WARNING:resource_bundle.cc(304)] locale_file_path.empty()
[1014/194359:ERROR:main_delegate.cc(564)] Could not load locale pak for en-US
[1014/194359:ERROR:main_delegate.cc(571)] Could not load cef.pak
[1014/194359:ERROR:main_delegate.cc(588)] Could not load cef_100_percent.pak
[1014/194359:WARNING:resource_bundle.cc(304)] locale_file_path.empty()
[1014/194359:ERROR:main_delegate.cc(564)] Could not load locale pak for en-US
[1014/194359:ERROR:main_delegate.cc(571)] Could not load cef.pak
[1014/194359:ERROR:main_delegate.cc(588)] Could not load cef_100_percent.pak
[1014/194359:WARNING:resource_bundle.cc(304)] locale_file_path.empty()
[1014/194359:ERROR:main_delegate.cc(564)] Could not load locale pak for en-US
[1014/194359:ERROR:main_delegate.cc(571)] Could not load cef.pak
[1014/194359:ERROR:main_delegate.cc(588)] Could not load cef_100_percent.pak
[1014/194400:WARNING:resource_bundle.cc(497)] locale resources are not loaded
[1014/194400:WARNING:resource_bundle.cc(304)] locale_file_path.empty()
[1014/194400:ERROR:main_delegate.cc(564)] Could not load locale pak for en-US
[1014/194400:ERROR:main_delegate.cc(571)] Could not load cef.pak
[1014/194400:ERROR:main_delegate.cc(588)] Could not load cef_100_percent.pak
[1014/194407:WARNING:resource_bundle.cc(304)] locale_file_path.empty()
[1014/194407:ERROR:main_delegate.cc(564)] Could not load locale pak for en-US
[1014/194407:ERROR:main_delegate.cc(571)] Could not load cef.pak
[1014/194407:ERROR:main_delegate.cc(588)] Could not load cef_100_percent.pak
[1014/194407:ERROR:renderer_main.cc(207)] Running without renderer sandbox
[1014/194407:WARNING:resource_bundle.cc(304)] locale_file_path.empty()
[1014/194407:ERROR:main_delegate.cc(564)] Could not load locale pak for en-US
[1014/194407:ERROR:main_delegate.cc(571)] Could not load cef.pak
[1014/194407:ERROR:main_delegate.cc(588)] Could not load cef_100_percent.pak
[1014/194408:ERROR:renderer_main.cc(207)] Running without renderer sandbox
[1014/194408:WARNING:resource_bundle.cc(304)] locale_file_path.empty()
[1014/194408:ERROR:main_delegate.cc(564)] Could not load locale pak for en-US
[1014/194408:ERROR:main_delegate.cc(571)] Could not load cef.pak
[1014/194408:ERROR:main_delegate.cc(588)] Could not load cef_100_percent.pak
[1014/194408:ERROR:renderer_main.cc(207)] Running without renderer sandbox
[1014/194811:WARNING:resource_bundle.cc(304)] locale_file_path.empty()
[1014/194811:ERROR:main_delegate.cc(564)] Could not load locale pak for en-US
[1014/194811:ERROR:main_delegate.cc(571)] Could not load cef.pak
[1014/194811:ERROR:main_delegate.cc(588)] Could not load cef_100_percent.pak
[1014/194811:WARNING:resource_bundle.cc(497)] locale resources are not loaded
[1014/194811:WARNING:resource_bundle.cc(304)] locale_file_path.empty()
[1014/194811:ERROR:main_delegate.cc(564)] Could not load locale pak for en-US
[1014/194811:ERROR:main_delegate.cc(571)] Could not load cef.pak
[1014/194811:ERROR:main_delegate.cc(588)] Could not load cef_100_percent.pak
[1014/194817:WARNING:resource_bundle.cc(304)] locale_file_path.empty()
[1014/194817:ERROR:main_delegate.cc(564)] Could not load locale pak for en-US
[1014/194817:ERROR:main_delegate.cc(571)] Could not load cef.pak
[1014/194817:ERROR:main_delegate.cc(588)] Could not load cef_100_percent.pak
[1014/194817:ERROR:renderer_main.cc(207)] Running without renderer sandbox
[1014/194907:WARNING:resource_bundle.cc(304)] locale_file_path.empty()
[1014/194907:ERROR:main_delegate.cc(564)] Could not load locale pak for en-US
[1014/194907:ERROR:main_delegate.cc(571)] Could not load cef.pak
[1014/194907:ERROR:main_delegate.cc(588)] Could not load cef_100_percent.pak
[1014/194907:WARNING:resource_bundle.cc(497)] locale resources are not loaded
[1014/194907:WARNING:resource_bundle.cc(304)] locale_file_path.empty()
[1014/194907:ERROR:main_delegate.cc(564)] Could not load locale pak for en-US
[1014/194907:ERROR:main_delegate.cc(571)] Could not load cef.pak
[1014/194907:ERROR:main_delegate.cc(588)] Could not load cef_100_percent.pak
[1014/194909:WARNING:resource_bundle.cc(304)] locale_file_path.empty()
[1014/194909:ERROR:main_delegate.cc(564)] Could not load locale pak for en-US
[1014/194909:ERROR:main_delegate.cc(571)] Could not load cef.pak
[1014/194909:ERROR:main_delegate.cc(588)] Could not load cef_100_percent.pak
[1014/194909:WARNING:resource_bundle.cc(497)] locale resources are not loaded
[1014/194909:WARNING:resource_bundle.cc(304)] locale_file_path.empty()
[1014/194909:ERROR:main_delegate.cc(564)] Could not load locale pak for en-US
[1014/194909:ERROR:main_delegate.cc(571)] Could not load cef.pak
[1014/194909:ERROR:main_delegate.cc(588)] Could not load cef_100_percent.pak
[1014/194915:WARNING:resource_bundle.cc(304)] locale_file_path.empty()
[1014/194915:ERROR:main_delegate.cc(564)] Could not load locale pak for en-US
[1014/194915:ERROR:main_delegate.cc(571)] Could not load cef.pak
[1014/194915:ERROR:main_delegate.cc(588)] Could not load cef_100_percent.pak
[1014/194915:ERROR:renderer_main.cc(207)] Running without renderer sandbox
[1014/194917:WARNING:resource_bundle.cc(304)] locale_file_path.empty()
[1014/194917:ERROR:main_delegate.cc(564)] Could not load locale pak for en-US
[1014/194917:ERROR:main_delegate.cc(571)] Could not load cef.pak
[1014/194917:ERROR:main_delegate.cc(588)] Could not load cef_100_percent.pak
[1014/194917:ERROR:renderer_main.cc(207)] Running without renderer sandbox
[1014/194918:WARNING:resource_bundle.cc(304)] locale_file_path.empty()
[1014/194918:ERROR:main_delegate.cc(564)] Could not load locale pak for en-US
[1014/194918:ERROR:main_delegate.cc(571)] Could not load cef.pak
[1014/194918:ERROR:main_delegate.cc(588)] Could not load cef_100_percent.pak
[1014/194918:WARNING:resource_bundle.cc(497)] locale resources are not loaded
[1014/194919:WARNING:resource_bundle.cc(304)] locale_file_path.empty()
[1014/194919:ERROR:main_delegate.cc(564)] Could not load locale pak for en-US
[1014/194919:ERROR:main_delegate.cc(571)] Could not load cef.pak
[1014/194919:ERROR:main_delegate.cc(588)] Could not load cef_100_percent.pak
[1014/194924:WARNING:resource_bundle.cc(304)] locale_file_path.empty()
[1014/194924:ERROR:main_delegate.cc(564)] Could not load locale pak for en-US
[1014/194924:ERROR:main_delegate.cc(571)] Could not load cef.pak
[1014/194924:ERROR:main_delegate.cc(588)] Could not load cef_100_percent.pak
[1014/194924:WARNING:resource_bundle.cc(497)] locale resources are not loaded
[1014/194924:WARNING:resource_bundle.cc(304)] locale_file_path.empty()
[1014/194924:ERROR:main_delegate.cc(564)] Could not load locale pak for en-US
[1014/194924:ERROR:main_delegate.cc(571)] Could not load cef.pak
[1014/194924:ERROR:main_delegate.cc(588)] Could not load cef_100_percent.pak
[1014/194924:WARNING:resource_bundle.cc(497)] locale resources are not loaded
[1014/194924:WARNING:resource_bundle.cc(304)] locale_file_path.empty()
[1014/194924:ERROR:main_delegate.cc(564)] Could not load locale pak for en-US
[1014/194924:ERROR:main_delegate.cc(571)] Could not load cef.pak
[1014/194924:ERROR:main_delegate.cc(588)] Could not load cef_100_percent.pak
[1014/194925:WARNING:resource_bundle.cc(304)] locale_file_path.empty()
[1014/194925:ERROR:main_delegate.cc(564)] Could not load locale pak for en-US
[1014/194925:ERROR:main_delegate.cc(571)] Could not load cef.pak
[1014/194925:ERROR:main_delegate.cc(588)] Could not load cef_100_percent.pak
[1014/194930:WARNING:resource_bundle.cc(304)] locale_file_path.empty()
[1014/194930:ERROR:main_delegate.cc(564)] Could not load locale pak for en-US
[1014/194930:ERROR:main_delegate.cc(571)] Could not load cef.pak
[1014/194930:ERROR:main_delegate.cc(588)] Could not load cef_100_percent.pak
[1014/194930:ERROR:renderer_main.cc(207)] Running without renderer sandbox
[1014/194934:WARNING:resource_bundle.cc(304)] locale_file_path.empty()
[1014/194934:ERROR:main_delegate.cc(564)] Could not load locale pak for en-US
[1014/194934:ERROR:main_delegate.cc(571)] Could not load cef.pak
[1014/194934:ERROR:main_delegate.cc(588)] Could not load cef_100_percent.pak
[1014/194934:ERROR:renderer_main.cc(207)] Running without renderer sandbox
[1014/194934:WARNING:resource_bundle.cc(304)] locale_file_path.empty()
[1014/194934:ERROR:main_delegate.cc(564)] Could not load locale pak for en-US
[1014/194934:ERROR:main_delegate.cc(571)] Could not load cef.pak
[1014/194934:ERROR:main_delegate.cc(588)] Could not load cef_100_percent.pak
[1014/194934:ERROR:renderer_main.cc(207)] Running without renderer sandbox
[1014/195012:WARNING:resource_bundle.cc(304)] locale_file_path.empty()
[1014/195012:ERROR:main_delegate.cc(564)] Could not load locale pak for en-US
[1014/195012:ERROR:main_delegate.cc(571)] Could not load cef.pak
[1014/195012:ERROR:main_delegate.cc(588)] Could not load cef_100_percent.pak
[1014/195013:WARNING:resource_bundle.cc(497)] locale resources are not loaded
[1014/195013:WARNING:resource_bundle.cc(304)] locale_file_path.empty()
[1014/195013:ERROR:main_delegate.cc(564)] Could not load locale pak for en-US
[1014/195013:ERROR:main_delegate.cc(571)] Could not load cef.pak
[1014/195013:ERROR:main_delegate.cc(588)] Could not load cef_100_percent.pak
[1014/195016:WARNING:resource_bundle.cc(304)] locale_file_path.empty()
[1014/195016:ERROR:main_delegate.cc(564)] Could not load locale pak for en-US
[1014/195016:ERROR:main_delegate.cc(571)] Could not load cef.pak
[1014/195016:ERROR:main_delegate.cc(588)] Could not load cef_100_percent.pak
[1014/195016:WARNING:resource_bundle.cc(497)] locale resources are not loaded
[1014/195016:WARNING:resource_bundle.cc(304)] locale_file_path.empty()
[1014/195016:ERROR:main_delegate.cc(564)] Could not load locale pak for en-US
[1014/195016:ERROR:main_delegate.cc(571)] Could not load cef.pak
[1014/195016:ERROR:main_delegate.cc(588)] Could not load cef_100_percent.pak
[1014/195019:WARNING:resource_bundle.cc(304)] locale_file_path.empty()
[1014/195019:ERROR:main_delegate.cc(564)] Could not load locale pak for en-US
[1014/195019:ERROR:main_delegate.cc(571)] Could not load cef.pak
[1014/195019:ERROR:main_delegate.cc(588)] Could not load cef_100_percent.pak
[1014/195019:WARNING:resource_bundle.cc(497)] locale resources are not loaded
[1014/195019:WARNING:resource_bundle.cc(304)] locale_file_path.empty()
[1014/195019:ERROR:main_delegate.cc(564)] Could not load locale pak for en-US
[1014/195019:ERROR:main_delegate.cc(571)] Could not load cef.pak
[1014/195019:ERROR:main_delegate.cc(588)] Could not load cef_100_percent.pak
[1014/195023:WARNING:resource_bundle.cc(304)] locale_file_path.empty()
[1014/195023:ERROR:main_delegate.cc(564)] Could not load locale pak for en-US
[1014/195023:ERROR:main_delegate.cc(571)] Could not load cef.pak
[1014/195023:ERROR:main_delegate.cc(588)] Could not load cef_100_percent.pak
[1014/195023:ERROR:renderer_main.cc(207)] Running without renderer sandbox
[1014/195024:WARNING:resource_bundle.cc(304)] locale_file_path.empty()
[1014/195024:ERROR:main_delegate.cc(564)] Could not load locale pak for en-US
[1014/195024:ERROR:main_delegate.cc(571)] Could not load cef.pak
[1014/195024:ERROR:main_delegate.cc(588)] Could not load cef_100_percent.pak
[1014/195024:WARNING:resource_bundle.cc(497)] locale resources are not loaded
[1014/195024:WARNING:resource_bundle.cc(304)] locale_file_path.empty()
[1014/195024:ERROR:main_delegate.cc(564)] Could not load locale pak for en-US
[1014/195024:ERROR:main_delegate.cc(571)] Could not load cef.pak
[1014/195024:ERROR:main_delegate.cc(588)] Could not load cef_100_percent.pak
[1014/195028:WARNING:resource_bundle.cc(304)] locale_file_path.empty()
[1014/195028:ERROR:main_delegate.cc(564)] Could not load locale pak for en-US
[1014/195028:ERROR:main_delegate.cc(571)] Could not load cef.pak
[1014/195028:ERROR:main_delegate.cc(588)] Could not load cef_100_percent.pak
[1014/195028:ERROR:renderer_main.cc(207)] Running without renderer sandbox
[1014/195030:WARNING:resource_bundle.cc(304)] locale_file_path.empty()
[1014/195030:ERROR:main_delegate.cc(564)] Could not load locale pak for en-US
[1014/195030:ERROR:main_delegate.cc(571)] Could not load cef.pak
[1014/195030:ERROR:main_delegate.cc(588)] Could not load cef_100_percent.pak
[1014/195030:ERROR:renderer_main.cc(207)] Running without renderer sandbox
[1015/132419:WARNING:resource_bundle.cc(304)] locale_file_path.empty()
[1015/132419:ERROR:main_delegate.cc(564)] Could not load locale pak for en-US
[1015/132419:ERROR:main_delegate.cc(571)] Could not load cef.pak
[1015/132419:ERROR:main_delegate.cc(588)] Could not load cef_100_percent.pak
[1015/132419:WARNING:resource_bundle.cc(497)] locale resources are not loaded
[1015/132419:WARNING:resource_bundle.cc(304)] locale_file_path.empty()
[1015/132419:ERROR:main_delegate.cc(564)] Could not load locale pak for en-US
[1015/132419:ERROR:main_delegate.cc(571)] Could not load cef.pak
[1015/132419:ERROR:main_delegate.cc(588)] Could not load cef_100_percent.pak
[1015/132429:WARNING:resource_bundle.cc(304)] locale_file_path.empty()
[1015/132429:ERROR:main_delegate.cc(564)] Could not load locale pak for en-US
[1015/132429:ERROR:main_delegate.cc(571)] Could not load cef.pak
[1015/132429:ERROR:main_delegate.cc(588)] Could not load cef_100_percent.pak
[1015/132430:ERROR:renderer_main.cc(207)] Running without renderer sandbox
[1015/132548:WARNING:resource_bundle.cc(304)] locale_file_path.empty()
[1015/132548:ERROR:main_delegate.cc(564)] Could not load locale pak for en-US
[1015/132548:ERROR:main_delegate.cc(571)] Could not load cef.pak
[1015/132548:ERROR:main_delegate.cc(588)] Could not load cef_100_percent.pak
[1015/132548:WARNING:resource_bundle.cc(304)] locale_file_path.empty()
[1015/132548:ERROR:main_delegate.cc(564)] Could not load locale pak for en-US
[1015/132548:ERROR:main_delegate.cc(571)] Could not load cef.pak
[1015/132548:ERROR:main_delegate.cc(588)] Could not load cef_100_percent.pak
[1015/132548:WARNING:resource_bundle.cc(497)] locale resources are not loaded
[1015/132548:WARNING:resource_bundle.cc(497)] locale resources are not loaded
[1015/132548:WARNING:resource_bundle.cc(304)] locale_file_path.empty()
[1015/132548:ERROR:main_delegate.cc(564)] Could not load locale pak for en-US
[1015/132548:ERROR:main_delegate.cc(571)] Could not load cef.pak
[1015/132548:ERROR:main_delegate.cc(588)] Could not load cef_100_percent.pak
[1015/132549:WARNING:resource_bundle.cc(304)] locale_file_path.empty()
[1015/132549:ERROR:main_delegate.cc(564)] Could not load locale pak for en-US
[1015/132549:ERROR:main_delegate.cc(571)] Could not load cef.pak
[1015/132549:ERROR:main_delegate.cc(588)] Could not load cef_100_percent.pak
[1015/132552:WARNING:resource_bundle.cc(304)] locale_file_path.empty()
[1015/132552:ERROR:main_delegate.cc(564)] Could not load locale pak for en-US
[1015/132552:ERROR:main_delegate.cc(571)] Could not load cef.pak
[1015/132552:ERROR:main_delegate.cc(588)] Could not load cef_100_percent.pak
[1015/132552:WARNING:resource_bundle.cc(497)] locale resources are not loaded
[1015/132552:WARNING:resource_bundle.cc(304)] locale_file_path.empty()
[1015/132552:ERROR:main_delegate.cc(564)] Could not load locale pak for en-US
[1015/132552:ERROR:main_delegate.cc(571)] Could not load cef.pak
[1015/132552:ERROR:main_delegate.cc(588)] Could not load cef_100_percent.pak
[1015/132602:WARNING:resource_bundle.cc(304)] locale_file_path.empty()
[1015/132602:ERROR:main_delegate.cc(564)] Could not load locale pak for en-US
[1015/132602:ERROR:main_delegate.cc(571)] Could not load cef.pak
[1015/132602:ERROR:main_delegate.cc(588)] Could not load cef_100_percent.pak
[1015/132602:ERROR:renderer_main.cc(207)] Running without renderer sandbox
[1015/132603:WARNING:resource_bundle.cc(304)] locale_file_path.empty()
[1015/132603:ERROR:main_delegate.cc(564)] Could not load locale pak for en-US
[1015/132603:ERROR:main_delegate.cc(571)] Could not load cef.pak
[1015/132603:ERROR:main_delegate.cc(588)] Could not load cef_100_percent.pak
[1015/132603:ERROR:renderer_main.cc(207)] Running without renderer sandbox
[1015/132608:WARNING:resource_bundle.cc(304)] locale_file_path.empty()
[1015/132608:ERROR:main_delegate.cc(564)] Could not load locale pak for en-US
[1015/132608:ERROR:main_delegate.cc(571)] Could not load cef.pak
[1015/132608:ERROR:main_delegate.cc(588)] Could not load cef_100_percent.pak
[1015/132608:ERROR:renderer_main.cc(207)] Running without renderer sandbox
[1015/132611:WARNING:resource_bundle.cc(304)] locale_file_path.empty()
[1015/132611:ERROR:main_delegate.cc(564)] Could not load locale pak for en-US
[1015/132611:ERROR:main_delegate.cc(571)] Could not load cef.pak
[1015/132611:ERROR:main_delegate.cc(588)] Could not load cef_100_percent.pak
[1015/132611:WARNING:resource_bundle.cc(497)] locale resources are not loaded
[1015/132611:WARNING:resource_bundle.cc(304)] locale_file_path.empty()
[1015/132611:ERROR:main_delegate.cc(564)] Could not load locale pak for en-US
[1015/132611:ERROR:main_delegate.cc(571)] Could not load cef.pak
[1015/132611:ERROR:main_delegate.cc(588)] Could not load cef_100_percent.pak
[1015/132621:WARNING:resource_bundle.cc(304)] locale_file_path.empty()
[1015/132621:ERROR:main_delegate.cc(564)] Could not load locale pak for en-US
[1015/132621:ERROR:main_delegate.cc(571)] Could not load cef.pak
[1015/132621:ERROR:main_delegate.cc(588)] Could not load cef_100_percent.pak
[1015/132621:ERROR:renderer_main.cc(207)] Running without renderer sandbox
[1015/132857:WARNING:resource_bundle.cc(304)] locale_file_path.empty()
[1015/132857:ERROR:main_delegate.cc(564)] Could not load locale pak for en-US
[1015/132857:ERROR:main_delegate.cc(571)] Could not load cef.pak
[1015/132857:ERROR:main_delegate.cc(588)] Could not load cef_100_percent.pak
[1015/132857:WARNING:resource_bundle.cc(497)] locale resources are not loaded
[1015/132858:WARNING:resource_bundle.cc(304)] locale_file_path.empty()
[1015/132858:ERROR:main_delegate.cc(564)] Could not load locale pak for en-US
[1015/132858:ERROR:main_delegate.cc(571)] Could not load cef.pak
[1015/132858:ERROR:main_delegate.cc(588)] Could not load cef_100_percent.pak
[1015/132859:WARNING:resource_bundle.cc(304)] locale_file_path.empty()
[1015/132859:ERROR:main_delegate.cc(564)] Could not load locale pak for en-US
[1015/132859:ERROR:main_delegate.cc(571)] Could not load cef.pak
[1015/132859:ERROR:main_delegate.cc(588)] Could not load cef_100_percent.pak
[1015/132859:WARNING:resource_bundle.cc(497)] locale resources are not loaded
[1015/132900:WARNING:resource_bundle.cc(304)] locale_file_path.empty()
[1015/132900:ERROR:main_delegate.cc(564)] Could not load locale pak for en-US
[1015/132900:ERROR:main_delegate.cc(571)] Could not load cef.pak
[1015/132900:ERROR:main_delegate.cc(588)] Could not load cef_100_percent.pak
[1015/132906:WARNING:resource_bundle.cc(304)] locale_file_path.empty()
[1015/132906:ERROR:main_delegate.cc(564)] Could not load locale pak for en-US
[1015/132906:ERROR:main_delegate.cc(571)] Could not load cef.pak
[1015/132906:ERROR:main_delegate.cc(588)] Could not load cef_100_percent.pak
[1015/132907:WARNING:resource_bundle.cc(497)] locale resources are not loaded
[1015/132907:WARNING:resource_bundle.cc(304)] locale_file_path.empty()
[1015/132907:ERROR:main_delegate.cc(564)] Could not load locale pak for en-US
[1015/132907:ERROR:main_delegate.cc(571)] Could not load cef.pak
[1015/132907:ERROR:main_delegate.cc(588)] Could not load cef_100_percent.pak
[1015/132911:WARNING:resource_bundle.cc(304)] locale_file_path.empty()
[1015/132911:ERROR:main_delegate.cc(564)] Could not load locale pak for en-US
[1015/132911:ERROR:main_delegate.cc(571)] Could not load cef.pak
[1015/132911:ERROR:main_delegate.cc(588)] Could not load cef_100_percent.pak
[1015/132912:ERROR:renderer_main.cc(207)] Running without renderer sandbox
[1015/132915:WARNING:resource_bundle.cc(304)] locale_file_path.empty()
[1015/132915:ERROR:main_delegate.cc(564)] Could not load locale pak for en-US
[1015/132915:ERROR:main_delegate.cc(571)] Could not load cef.pak
[1015/132915:ERROR:main_delegate.cc(588)] Could not load cef_100_percent.pak
[1015/132915:ERROR:renderer_main.cc(207)] Running without renderer sandbox
[1015/132917:WARNING:resource_bundle.cc(304)] locale_file_path.empty()
[1015/132917:ERROR:main_delegate.cc(564)] Could not load locale pak for en-US
[1015/132917:ERROR:main_delegate.cc(571)] Could not load cef.pak
[1015/132917:ERROR:main_delegate.cc(588)] Could not load cef_100_percent.pak
[1015/132917:WARNING:resource_bundle.cc(497)] locale resources are not loaded
[1015/132917:WARNING:resource_bundle.cc(304)] locale_file_path.empty()
[1015/132917:ERROR:main_delegate.cc(564)] Could not load locale pak for en-US
[1015/132917:ERROR:main_delegate.cc(571)] Could not load cef.pak
[1015/132917:ERROR:main_delegate.cc(588)] Could not load cef_100_percent.pak
[1015/132922:WARNING:resource_bundle.cc(304)] locale_file_path.empty()
[1015/132922:ERROR:main_delegate.cc(564)] Could not load locale pak for en-US
[1015/132922:ERROR:main_delegate.cc(571)] Could not load cef.pak
[1015/132922:ERROR:main_delegate.cc(588)] Could not load cef_100_percent.pak
[1015/132922:WARNING:resource_bundle.cc(497)] locale resources are not loaded
[1015/132922:WARNING:resource_bundle.cc(304)] locale_file_path.empty()
[1015/132922:ERROR:main_delegate.cc(564)] Could not load locale pak for en-US
[1015/132922:ERROR:main_delegate.cc(571)] Could not load cef.pak
[1015/132922:ERROR:main_delegate.cc(588)] Could not load cef_100_percent.pak
[1015/132926:WARNING:resource_bundle.cc(304)] locale_file_path.empty()
[1015/132926:ERROR:main_delegate.cc(564)] Could not load locale pak for en-US
[1015/132926:ERROR:main_delegate.cc(571)] Could not load cef.pak
[1015/132926:ERROR:main_delegate.cc(588)] Could not load cef_100_percent.pak
[1015/132926:ERROR:renderer_main.cc(207)] Running without renderer sandbox
[1015/132926:WARNING:resource_bundle.cc(304)] locale_file_path.empty()
[1015/132926:ERROR:main_delegate.cc(564)] Could not load locale pak for en-US
[1015/132926:ERROR:main_delegate.cc(571)] Could not load cef.pak
[1015/132926:ERROR:main_delegate.cc(588)] Could not load cef_100_percent.pak
[1015/132926:WARNING:resource_bundle.cc(497)] locale resources are not loaded
[1015/132927:WARNING:resource_bundle.cc(304)] locale_file_path.empty()
[1015/132927:ERROR:main_delegate.cc(564)] Could not load locale pak for en-US
[1015/132927:ERROR:main_delegate.cc(571)] Could not load cef.pak
[1015/132927:ERROR:main_delegate.cc(588)] Could not load cef_100_percent.pak
[1015/132931:WARNING:resource_bundle.cc(304)] locale_file_path.empty()
[1015/132931:ERROR:main_delegate.cc(564)] Could not load locale pak for en-US
[1015/132931:ERROR:main_delegate.cc(571)] Could not load cef.pak
[1015/132931:ERROR:main_delegate.cc(588)] Could not load cef_100_percent.pak
[1015/132932:ERROR:renderer_main.cc(207)] Running without renderer sandbox
[1015/132935:WARNING:resource_bundle.cc(304)] locale_file_path.empty()
[1015/132935:ERROR:main_delegate.cc(564)] Could not load locale pak for en-US
[1015/132935:ERROR:main_delegate.cc(571)] Could not load cef.pak
[1015/132935:ERROR:main_delegate.cc(588)] Could not load cef_100_percent.pak
[1015/132935:ERROR:renderer_main.cc(207)] Running without renderer sandbox
